<?xml version="1.0" encoding="UTF-8"?>
<testsuite xmlns:xsi="http://www.w3.org/2001/XMLSchema-instance" xsi:noNamespaceSchemaLocation="https://maven.apache.org/surefire/maven-surefire-plugin/xsd/surefire-test-report-3.0.xsd" version="3.0" name="TestSuite" time="53.197" tests="2" errors="0" skipped="0" failures="0">
  <properties>
[...]
</properties>
  <testcase name="SMECould_Login_ValidAccount_001[LoginModel(username=test, password=test_pass)](1)" classname="com.misa.projects.amisaccounting.testscript.LoginTest" time="5.939">
    <system-out><![CDATA[[INFO ] 30-01-2023 16:50:06 [main] [Log] - Loaded all properties files.
[INFO ] 30-01-2023 16:50:06 [main] [Log] - TestBase: Properties For Testing:
{databaseName=KETOAN_AUTO_HOADON, language=vi, exportVideoPath=ExportData/Videos, open_reports_after_execution=no, screenshot_all_steps=no, WAIT_DEFAULT=10, testing_version=1.0, CHROME_DRIVER=, author=MISA, reportTitle=AMIS ACCOUNTING | Automation Report, video_record=no, zip_folder=no, exportCapturePath=ExportData/Images, WAIT_PAGE_LOADED=30, projectName=AMIS ACCOUNTING, WAIT_EXPLICIT=10, extentReportFolder=ExtentReports, draw_border_err_element=yes, WAIT_IMPLICIT=3, extentReportName=ExtentReports, tfslink=http://tfs2017-01:8080/tfs/defaultcollection/SMECLOUD/_workitems?id=, loginExcelDataPath=src/test/resources/datatest/amisaccounting/LoginData.xlsx, screenshot_failed_steps=yes, browser=chrome, remote_url=localhost, remote_port=4444, screenshot_passed_steps=no, override_reports=yes, target=local, headless=false, ACTIVE_PAGE_LOADED=true, WAIT_SLEEP_STEP=1, screenshot_skipped_steps=yes, send_email_to_users=no}
[INFO ] 30-01-2023 16:50:06 [main] [Log] - 
---------------------------------------------------------------
TestListener: TESTING FOR TEST SUITE: Regression Tests
---------------------------------------------------------------
null
null
null
[INFO ] 30-01-2023 16:50:06 [main] [Log] - TestBase: beforeSuite
[INFO ] 30-01-2023 16:50:07 [TestNG-test=Common-1] [WebDriverManager] - Using chromedriver 109.0.5414.74 (resolved driver for Chrome 109)
[INFO ] 30-01-2023 16:50:07 [TestNG-test=Common-1] [WebDriverManager] - Exporting webdriver.chrome.driver as /Users/vincent/.cache/selenium/chromedriver/mac-arm64/109.0.5414.74/chromedriver
[INFO ] 30-01-2023 16:50:25 [TestNG-test=Common-1] [Log] - waitForElementClickable: Element //span[text()='Tài khoản'] : clickable
[INFO ] 30-01-2023 16:50:26 [TestNG-test=Common-1] [Log] - 
---------------------------------------------------------------
TestListener: START TC:  SMECould_Login_ValidAccount_001
[INFO ] 30-01-2023 16:50:27 [TestNG-test=Common-1] [Log] - waitForElementClickable: Element //p[@class='login-with-email'] : clickable
[INFO ] 30-01-2023 16:50:32 [TestNG-test=Common-1] [Log] - waitForElementClickable: Element //button[text()='Đăng nhập'] : clickable
[INFO ] 30-01-2023 16:50:32 [TestNG-test=Common-1] [Log] - 
TestListener: COMPLETED TC: SMECould_Login_ValidAccount_001 - PASS 
---------------------------------------------------------------
]]></system-out>
    <system-err><![CDATA[Starting ChromeDriver 109.0.5414.74 (e7c5703604daa9cc128ccf5a5d3e993513758913-refs/branch-heads/5414@{#1172}) on port 58862
Only local connections are allowed.
Please see https://chromedriver.chromium.org/security-considerations for suggestions on keeping ChromeDriver safe.
ChromeDriver was started successfully.
Jan 30, 2023 4:50:11 PM org.openqa.selenium.remote.ProtocolHandshake createSession
INFO: Detected upstream dialect: W3C
Jan 30, 2023 4:50:11 PM org.openqa.selenium.devtools.CdpVersionFinder findNearestMatch
WARNING: Unable to find an exact match for CDP version 109, so returning the closest version found: a no-op implementation
Jan 30, 2023 4:50:11 PM org.openqa.selenium.devtools.CdpVersionFinder findNearestMatch
INFO: Unable to find CDP implementation matching 109.
Jan 30, 2023 4:50:11 PM org.openqa.selenium.chromium.ChromiumDriver lambda$new$3
WARNING: Unable to find version of CDP to use for . You may need to include a dependency on a specific version of the CDP using something similar to `org.seleniumhq.selenium:selenium-devtools-v86:4.3.0` where the version ("v86") matches the version of the chromium-based browser you're using and the version number of the artifact is the same as Selenium's.
]]></system-err>
  </testcase>
  <testcase name="SMECould_Login_ValidAccount_001[LoginModel(username=admin, password=admin_pass)](2)" classname="com.misa.projects.amisaccounting.testscript.LoginTest" time="6.817">
    <system-out><![CDATA[[INFO ] 30-01-2023 16:50:32 [TestNG-test=Common-1] [WebDriverManager] - Using chromedriver 109.0.5414.74 (resolved driver for Chrome 109)
[INFO ] 30-01-2023 16:50:32 [TestNG-test=Common-1] [WebDriverManager] - Exporting webdriver.chrome.driver as /Users/vincent/.cache/selenium/chromedriver/mac-arm64/109.0.5414.74/chromedriver
[INFO ] 30-01-2023 16:50:51 [TestNG-test=Common-1] [Log] - waitForElementClickable: Element //span[text()='Tài khoản'] : clickable
[INFO ] 30-01-2023 16:50:52 [TestNG-test=Common-1] [Log] - 
---------------------------------------------------------------
TestListener: START TC:  SMECould_Login_ValidAccount_001
[INFO ] 30-01-2023 16:50:53 [TestNG-test=Common-1] [Log] - waitForElementClickable: Element //p[@class='login-with-email'] : clickable
[INFO ] 30-01-2023 16:50:58 [TestNG-test=Common-1] [Log] - waitForElementClickable: Element //button[text()='Đăng nhập'] : clickable
[INFO ] 30-01-2023 16:50:58 [TestNG-test=Common-1] [Log] - 
TestListener: COMPLETED TC: SMECould_Login_ValidAccount_001 - PASS 
---------------------------------------------------------------
]]></system-out>
    <system-err><![CDATA[Starting ChromeDriver 109.0.5414.74 (e7c5703604daa9cc128ccf5a5d3e993513758913-refs/branch-heads/5414@{#1172}) on port 58816
Only local connections are allowed.
Please see https://chromedriver.chromium.org/security-considerations for suggestions on keeping ChromeDriver safe.
ChromeDriver was started successfully.
Jan 30, 2023 4:50:37 PM org.openqa.selenium.remote.ProtocolHandshake createSession
INFO: Detected upstream dialect: W3C
Jan 30, 2023 4:50:37 PM org.openqa.selenium.devtools.CdpVersionFinder findNearestMatch
WARNING: Unable to find an exact match for CDP version 109, so returning the closest version found: a no-op implementation
Jan 30, 2023 4:50:37 PM org.openqa.selenium.devtools.CdpVersionFinder findNearestMatch
INFO: Unable to find CDP implementation matching 109.
Jan 30, 2023 4:50:37 PM org.openqa.selenium.chromium.ChromiumDriver lambda$new$3
WARNING: Unable to find version of CDP to use for . You may need to include a dependency on a specific version of the CDP using something similar to `org.seleniumhq.selenium:selenium-devtools-v86:4.3.0` where the version ("v86") matches the version of the chromium-based browser you're using and the version number of the artifact is the same as Selenium's.
]]></system-err>
  </testcase>
</testsuite>