<?xml version="1.0" encoding="UTF-8"?>
<testng-results ignored="0" total="2" passed="2" failed="0" skipped="0">
  <reporter-output>
  </reporter-output>
  <suite started-at="2023-01-30T16:50:06 ICT" name="Regression Tests" finished-at="2023-01-30T16:50:58 ICT" duration-ms="52015">
    <groups>
    </groups>
    <test started-at="2023-01-30T16:50:06 ICT" name="Common" finished-at="2023-01-30T16:50:58 ICT" duration-ms="52015">
      <class name="com.misa.projects.amisaccounting.testscript.LoginTest">
        <test-method is-config="true" signature="beforeSuite(java.lang.String)[pri:0, instance:com.misa.projects.amisaccounting.testscript.LoginTest@3d8d17a3]" started-at="2023-01-30T16:50:06 ICT" name="beforeSuite" finished-at="2023-01-30T16:50:06 ICT" duration-ms="16" status="PASS">
          <params>
            <param index="0">
              <value>
                <![CDATA[chrome]]>
              </value>
            </param>
          </params>
          <reporter-output>
          </reporter-output>
        </test-method> <!-- beforeSuite -->
        <test-method is-config="true" signature="addInvocation(org.testng.ITestResult)[pri:0, instance:com.misa.projects.amisaccounting.testscript.LoginTest@3d8d17a3]" started-at="2023-01-30T16:50:06 ICT" name="addInvocation" finished-at="2023-01-30T16:50:06 ICT" duration-ms="0" status="PASS">
          <params>
            <param index="0">
              <value>
                <![CDATA[[TestResult name={null} status=CREATED method=LoginTest.SMECould_Login_ValidAccount_001(com.misa.projects.amisaccounting.models.LoginModel)[pri:1, instance:com.misa.projects.amisaccounting.testscript.LoginTest@3d8d17a3] output={null}]]]>
              </value>
            </param>
          </params>
          <reporter-output>
          </reporter-output>
        </test-method> <!-- addInvocation -->
        <test-method is-config="true" signature="createDriver(java.lang.String)[pri:0, instance:com.misa.projects.amisaccounting.testscript.LoginTest@3d8d17a3]" started-at="2023-01-30T16:50:07 ICT" name="createDriver" finished-at="2023-01-30T16:50:26 ICT" duration-ms="19802" status="PASS">
          <params>
            <param index="0">
              <value>
                <![CDATA[chrome]]>
              </value>
            </param>
          </params>
          <reporter-output>
          </reporter-output>
        </test-method> <!-- createDriver -->
        <test-method signature="SMECould_Login_ValidAccount_001(com.misa.projects.amisaccounting.models.LoginModel)[pri:1, instance:com.misa.projects.amisaccounting.testscript.LoginTest@3d8d17a3]" started-at="2023-01-30T16:50:26 ICT" name="SMECould_Login_ValidAccount_001" description="Kiểm tra đăng nhập với danh sách tài khoản hợp lệ" data-provider="LoginFunction" finished-at="2023-01-30T16:50:32 ICT" duration-ms="5947" status="PASS">
          <params>
            <param index="0">
              <value>
                <![CDATA[LoginModel(username=test, password=test_pass)]]>
              </value>
            </param>
          </params>
          <reporter-output>
          </reporter-output>
        </test-method> <!-- SMECould_Login_ValidAccount_001 -->
        <test-method is-config="true" signature="closeDriver()[pri:0, instance:com.misa.projects.amisaccounting.testscript.LoginTest@3d8d17a3]" started-at="2023-01-30T16:50:32 ICT" name="closeDriver" finished-at="2023-01-30T16:50:32 ICT" duration-ms="113" status="PASS">
          <reporter-output>
          </reporter-output>
        </test-method> <!-- closeDriver -->
        <test-method is-config="true" signature="addInvocation(org.testng.ITestResult)[pri:0, instance:com.misa.projects.amisaccounting.testscript.LoginTest@3d8d17a3]" started-at="2023-01-30T16:50:32 ICT" name="addInvocation" finished-at="2023-01-30T16:50:32 ICT" duration-ms="0" status="PASS">
          <params>
            <param index="0">
              <value>
                <![CDATA[[TestResult name={null} status=CREATED method=LoginTest.SMECould_Login_ValidAccount_001(com.misa.projects.amisaccounting.models.LoginModel)[pri:1, instance:com.misa.projects.amisaccounting.testscript.LoginTest@3d8d17a3] output={null}]]]>
              </value>
            </param>
          </params>
          <reporter-output>
          </reporter-output>
        </test-method> <!-- addInvocation -->
        <test-method is-config="true" signature="createDriver(java.lang.String)[pri:0, instance:com.misa.projects.amisaccounting.testscript.LoginTest@3d8d17a3]" started-at="2023-01-30T16:50:32 ICT" name="createDriver" finished-at="2023-01-30T16:50:51 ICT" duration-ms="19109" status="PASS">
          <params>
            <param index="0">
              <value>
                <![CDATA[chrome]]>
              </value>
            </param>
          </params>
          <reporter-output>
          </reporter-output>
        </test-method> <!-- createDriver -->
        <test-method signature="SMECould_Login_ValidAccount_001(com.misa.projects.amisaccounting.models.LoginModel)[pri:1, instance:com.misa.projects.amisaccounting.testscript.LoginTest@3d8d17a3]" started-at="2023-01-30T16:50:52 ICT" name="SMECould_Login_ValidAccount_001" description="Kiểm tra đăng nhập với danh sách tài khoản hợp lệ" data-provider="LoginFunction" finished-at="2023-01-30T16:50:58 ICT" duration-ms="6850" status="PASS">
          <params>
            <param index="0">
              <value>
                <![CDATA[LoginModel(username=admin, password=admin_pass)]]>
              </value>
            </param>
          </params>
          <reporter-output>
          </reporter-output>
        </test-method> <!-- SMECould_Login_ValidAccount_001 -->
        <test-method is-config="true" signature="closeDriver()[pri:0, instance:com.misa.projects.amisaccounting.testscript.LoginTest@3d8d17a3]" started-at="2023-01-30T16:50:58 ICT" name="closeDriver" finished-at="2023-01-30T16:50:58 ICT" duration-ms="107" status="PASS">
          <reporter-output>
          </reporter-output>
        </test-method> <!-- closeDriver -->
      </class> <!-- com.misa.projects.amisaccounting.testscript.LoginTest -->
    </test> <!-- Common -->
  </suite> <!-- Regression Tests -->
</testng-results>
