<?xml version="1.0" encoding="UTF-8"?>
<!-- Generated by org.testng.reporters.JUnitXMLReporter -->
<testsuite ignored="0" hostname="Vincent-MP.local" failures="0" tests="2" name="Common" time="52.015" errors="0" timestamp="2023-01-30T16:50:58 ICT">
  <testcase classname="com.misa.projects.amisaccounting.testscript.LoginTest" name="SMECould_Login_ValidAccount_001" time="5.947"/>
  <testcase classname="com.misa.projects.amisaccounting.testscript.LoginTest" name="SMECould_Login_ValidAccount_001" time="6.85"/>
</testsuite> <!-- Common -->
